Сборка начата 21.04.2016 21:25:24.
     1>Проект "C:\Users\Юра\documents\visual studio 2013\Projects\MyVector\MyVector\MyVector.vcxproj" в узле 2 (целевые объекты Build).
     1>ClCompile:
         C:\Program Files (x86)\Microsoft Visual Studio 12.0\VC\bin\CL.exe /c /ZI /nologo /W3 /WX- /sdl /Od /Oy- /D _MBCS /Gm /EHsc /RTC1 /MDd /GS /fp:precise /Zc:wchar_t /Zc:forScope /Fo"Debug\\" /Fd"Debug\vc120.pdb" /Gd /TP /analyze- /errorReport:prompt main.cpp
         main.cpp
     1>c:\users\юра\documents\visual studio 2013\projects\myvector\myvector\main.cpp(60): warning C4018: <: несоответствие типов со знаком и без знака
     1>c:\users\юра\documents\visual studio 2013\projects\myvector\myvector\main.cpp(71): warning C4018: <: несоответствие типов со знаком и без знака
     1>c:\users\юра\documents\visual studio 2013\projects\myvector\myvector\main.cpp(79): warning C4018: <: несоответствие типов со знаком и без знака
     1>c:\users\юра\documents\visual studio 2013\projects\myvector\myvector\vector.h(248): warning C4018: <: несоответствие типов со знаком и без знака
                 c:\users\юра\documents\visual studio 2013\projects\myvector\myvector\vector.h(243): при компиляции функции-члена "Vector<std::string,std::allocator<T>>::Vector(std::initializer_list<T>)" класса шаблон
                 with
                 [
                     T=std::string
                 ]
                 c:\users\юра\documents\visual studio 2013\projects\myvector\myvector\main.cpp(58): см. ссылку на создание экземпляров функции шаблон при компиляции "Vector<std::string,std::allocator<T>>::Vector(std::initializer_list<T>)"
                 with
                 [
                     T=std::string
                 ]
                 c:\users\юра\documents\visual studio 2013\projects\myvector\myvector\main.cpp(8): см. ссылку на создание экземпляров класса шаблон при компиляции "Vector<std::string,std::allocator<T>>"
                 with
                 [
                     T=std::string
                 ]
     1>c:\users\юра\documents\visual studio 2013\projects\myvector\myvector\vector.h(221): warning C4018: <: несоответствие типов со знаком и без знака
                 c:\users\юра\documents\visual studio 2013\projects\myvector\myvector\vector.h(211): при компиляции функции-члена "Vector<std::string,std::allocator<T>>::Vector(const Vector<T,std::allocator<T>> &)" класса шаблон
                 with
                 [
                     T=std::string
                 ]
                 c:\users\юра\documents\visual studio 2013\projects\myvector\myvector\main.cpp(58): см. ссылку на создание экземпляров функции шаблон при компиляции "Vector<std::string,std::allocator<T>>::Vector(const Vector<T,std::allocator<T>> &)"
                 with
                 [
                     T=std::string
                 ]
     1>c:\users\юра\documents\visual studio 2013\projects\myvector\myvector\vector.h(283): warning C4018: <: несоответствие типов со знаком и без знака
                 c:\users\юра\documents\visual studio 2013\projects\myvector\myvector\vector.h(282): при компиляции функции-члена "std::string &Vector<std::string,std::allocator<T>>::operator [](size_t)" класса шаблон
                 with
                 [
                     T=std::string
                 ]
                 c:\users\юра\documents\visual studio 2013\projects\myvector\myvector\main.cpp(62): см. ссылку на создание экземпляров функции шаблон при компиляции "std::string &Vector<std::string,std::allocator<T>>::operator [](size_t)"
                 with
                 [
                     T=std::string
                 ]
     1>c:\users\юра\documents\visual studio 2013\projects\myvector\myvector\vector.h(310): warning C4018: <: несоответствие типов со знаком и без знака
                 c:\users\юра\documents\visual studio 2013\projects\myvector\myvector\vector.h(304): при компиляции функции-члена "Vector<std::string,std::allocator<T>> &Vector<T,std::allocator<T>>::operator =(std::initializer_list<T>)" класса шаблон
                 with
                 [
                     T=std::string
                 ]
                 c:\users\юра\documents\visual studio 2013\projects\myvector\myvector\main.cpp(69): см. ссылку на создание экземпляров функции шаблон при компиляции "Vector<std::string,std::allocator<T>> &Vector<T,std::allocator<T>>::operator =(std::initializer_list<T>)"
                 with
                 [
                     T=std::string
                 ]
     1>c:\users\юра\documents\visual studio 2013\projects\myvector\myvector\vector.h(180): warning C4018: <: несоответствие типов со знаком и без знака
                 c:\users\юра\documents\visual studio 2013\projects\myvector\myvector\vector.h(175): при компиляции функции-члена "void Vector<std::string,std::allocator<T>>::reserve(int)" класса шаблон
                 with
                 [
                     T=std::string
                 ]
                 c:\users\юра\documents\visual studio 2013\projects\myvector\myvector\vector.h(259): см. ссылку на создание экземпляров функции шаблон при компиляции "void Vector<std::string,std::allocator<T>>::reserve(int)"
                 with
                 [
                     T=std::string
                 ]
                 c:\users\юра\documents\visual studio 2013\projects\myvector\myvector\vector.h(243): при компиляции функции-члена "Vector<std::string,std::allocator<T>>::Vector(std::initializer_list<T>)" класса шаблон
                 with
                 [
                     T=std::string
                 ]
                 c:\users\юра\documents\visual studio 2013\projects\myvector\myvector\main.cpp(58): см. ссылку на создание экземпляров функции шаблон при компиляции "Vector<std::string,std::allocator<T>>::Vector(std::initializer_list<T>)"
                 with
                 [
                     T=std::string
                 ]
     1>c:\users\юра\documents\visual studio 2013\projects\myvector\myvector\vector.h(185): warning C4018: <: несоответствие типов со знаком и без знака
     1>c:\users\юра\documents\visual studio 2013\projects\myvector\myvector\vector.h(287): warning C4715: Vector<std::basic_string<char,std::char_traits<char>,std::allocator<char> >,std::allocator<std::basic_string<char,std::char_traits<char>,std::allocator<char> > > >::operator[]: значение возвращается не при всех путях выполнения
       Link:
         C:\Program Files (x86)\Microsoft Visual Studio 12.0\VC\bin\link.exe /ERRORREPORT:PROMPT /OUT:"C:\Users\Юра\documents\visual studio 2013\Projects\MyVector\Debug\MyVector.exe" /INCREMENTAL /NOLOGO kernel32.lib user32.lib gdi32.lib winspool.lib comdlg32.lib advapi32.lib shell32.lib ole32.lib oleaut32.lib uuid.lib odbc32.lib odbccp32.lib /MANIFEST /MANIFESTUAC:"level='asInvoker' uiAccess='false'" /manifest:embed /DEBUG /PDB:"C:\Users\Юра\documents\visual studio 2013\Projects\MyVector\Debug\MyVector.pdb" /TLBID:1 /DYNAMICBASE /NXCOMPAT /IMPLIB:"C:\Users\Юра\documents\visual studio 2013\Projects\MyVector\Debug\MyVector.lib" /MACHINE:X86 Debug\main.obj
         MyVector.vcxproj -> C:\Users\Юра\documents\visual studio 2013\Projects\MyVector\Debug\MyVector.exe
     1>Сборка проекта "C:\Users\Юра\documents\visual studio 2013\Projects\MyVector\MyVector\MyVector.vcxproj" завершена (целевые объекты Build).

Сборка успешно завершена.

Затраченное время: 00:00:01.80
